
Deploying to stage dev
favorites › waiting
users › waiting
users › deploying
users › Running "serverless deploy --stage dev"
users › Running "serverless" from node_modules
users › Deploying users to stage dev (us-east-1)
users › No changes to deploy. Deployment skipped. (11s)
users › 3 deprecations found: run 'serverless doctor' for more details
users › Improve API performance – monitor it with the Serverless Dashboard: run "serverless"
users › no changes
favorites › deploying
favorites › Running "serverless deploy --stage dev --param users_authorizer_issuer_url=https://cognito-idp.us-east-1.amazonaws.com/us-east-1_5SxzG8QmZ --param user_pool_client_arn=7bgfdaimk6kh7v50rjmfnkj2ui"
favorites › Warning: Invalid configuration encountered
favorites ›   at 'functions.get_list_by_list_id': unrecognized property 'private'
favorites › 
favorites › Learn more about configuration validation here: http://slss.io/configuration-validation
favorites › Deploying favorites to stage dev (us-east-1)
favorites › ✔ Service deployed to stack favorites-dev (90s)
favorites › endpoints:
favorites ›   POST - https://v1kgwvx55d.execute-api.us-east-1.amazonaws.com/users
favorites ›   POST - https://v1kgwvx55d.execute-api.us-east-1.amazonaws.com/lists
favorites ›   PUT - https://v1kgwvx55d.execute-api.us-east-1.amazonaws.com/lists/{list_id}
favorites ›   POST - https://v1kgwvx55d.execute-api.us-east-1.amazonaws.com/lists/{list_id}
favorites ›   POST - https://v1kgwvx55d.execute-api.us-east-1.amazonaws.com/users/{email}
favorites ›   GET - https://v1kgwvx55d.execute-api.us-east-1.amazonaws.com/lists/{list_id}
favorites ›   GET - https://v1kgwvx55d.execute-api.us-east-1.amazonaws.com/users/{email}/lists
favorites ›   GET - https://v1kgwvx55d.execute-api.us-east-1.amazonaws.com/list_all_history_per_list_id
favorites › functions:
favorites ›   sign_up: favorites-dev-sign_up (37 MB)
favorites ›   create_list: favorites-dev-create_list (37 MB)
favorites ›   update_list_metadata: favorites-dev-update_list_metadata (37 MB)
favorites ›   update_list_contents: favorites-dev-update_list_contents (37 MB)
favorites ›   get_user_by_email: favorites-dev-get_user_by_email (37 MB)
favorites ›   get_list_by_list_id: favorites-dev-get_list_by_list_id (37 MB)
favorites ›   list_all_lists_per_user: favorites-dev-list_all_lists_per_user (37 MB)
favorites ›   list_all_history_per_list_id: favorites-dev-list_all_history_per_list_id (37 MB)
favorites › 3 deprecations found: run 'serverless doctor' for more details
favorites › Improve API performance – monitor it with the Serverless Dashboard: run "serverless"
favorites › Running "serverless info --verbose --stage dev --param users_authorizer_issuer_url=https://cognito-idp.us-east-1.amazonaws.com/us-east-1_5SxzG8QmZ --param user_pool_client_arn=7bgfdaimk6kh7v50rjmfnkj2ui"
favorites › Warning: Invalid configuration encountered
favorites ›   at 'functions.get_list_by_list_id': unrecognized property 'private'
favorites › 
favorites › Learn more about configuration validation here: http://slss.io/configuration-validation
favorites › service: favorites
favorites › stage: dev
favorites › region: us-east-1
favorites › stack: favorites-dev
favorites › endpoints:
favorites ›   POST - https://v1kgwvx55d.execute-api.us-east-1.amazonaws.com/users
favorites ›   POST - https://v1kgwvx55d.execute-api.us-east-1.amazonaws.com/lists
favorites ›   PUT - https://v1kgwvx55d.execute-api.us-east-1.amazonaws.com/lists/{list_id}
favorites ›   POST - https://v1kgwvx55d.execute-api.us-east-1.amazonaws.com/lists/{list_id}
favorites ›   POST - https://v1kgwvx55d.execute-api.us-east-1.amazonaws.com/users/{email}
favorites ›   GET - https://v1kgwvx55d.execute-api.us-east-1.amazonaws.com/lists/{list_id}
favorites ›   GET - https://v1kgwvx55d.execute-api.us-east-1.amazonaws.com/users/{email}/lists
favorites ›   GET - https://v1kgwvx55d.execute-api.us-east-1.amazonaws.com/list_all_history_per_list_id
favorites › functions:
favorites ›   sign_up: favorites-dev-sign_up
favorites ›   create_list: favorites-dev-create_list
favorites ›   update_list_metadata: favorites-dev-update_list_metadata
favorites ›   update_list_contents: favorites-dev-update_list_contents
favorites ›   get_user_by_email: favorites-dev-get_user_by_email
favorites ›   get_list_by_list_id: favorites-dev-get_list_by_list_id
favorites ›   list_all_lists_per_user: favorites-dev-list_all_lists_per_user
favorites ›   list_all_history_per_list_id: favorites-dev-list_all_history_per_list_id
favorites › 
favorites › Stack Outputs:
favorites ›   usersHttpApiUrl: https://8n0hu29ljc.execute-api.us-east-1.amazonaws.com
favorites ›   HttpApiId: v1kgwvx55d
favorites ›   ServerlessDeploymentBucketName: favorites-dev-serverlessdeploymentbucket-1eot4mugptsc9
favorites ›   HttpApiUrl: https://v1kgwvx55d.execute-api.us-east-1.amazonaws.com
favorites ›   tableName: dev-favorites-favorites-table
favorites ›   tableArn: arn:aws:dynamodb:us-east-1:789214532760:table/dev-favorites-favorites-table
favorites › 3 deprecations found: run 'serverless doctor' for more details
favorites › deployed
